Rcvd: Message('/localhost/statsd', '\x00Sp\xd0\x00\x00\x00\x0b\x00\x00\x00\x05BP\x04@BR\x00\x00Ss\xd0\x00\x00\x005\x00\x00\x00\r@@\xa1\x12//localhost/statsd@@@@@\x83\x00\x00\x00\x00\x00\x00\x00\x00\x83\x00\x00\x00\x00\x00\x00\x00\x00@R\x00@\x00Sw\xa0\x1epython_test.time:500.000000|ms')
Rcvd: Message('/localhost/statsd', '\x00Sp\xd0\x00\x00\x00\x0b\x00\x00\x00\x05BP\x04@BR\x00\x00Ss\xd0\x00\x00\x005\x00\x00\x00\r@@\xa1\x12//localhost/statsd@@@@@\x83\x00\x00\x00\x00\x00\x00\x00\x00\x83\x00\x00\x00\x00\x00\x00\x00\x00@R\x00@\x00Sw\xa0\x17python_test.inc_int:1|c')
Rcvd: Message('/localhost/statsd', '\x00Sp\xd0\x00\x00\x00\x0b\x00\x00\x00\x05BP\x04@BR\x00\x00Ss\xd0\x00\x00\x005\x00\x00\x00\r@@\xa1\x12//localhost/statsd@@@@@\x83\x00\x00\x00\x00\x00\x00\x00\x00\x83\x00\x00\x00\x00\x00\x00\x00\x00@R\x00@\x00Sw\xa0\x19python_test.decr_int:-1|c')
Rcvd: Message('/localhost/statsd', '\x00Sp\xd0\x00\x00\x00\x0b\x00\x00\x00\x05BP\x04@BR\x00\x00Ss\xd0\x00\x00\x005\x00\x00\x00\r@@\xa1\x12//localhost/statsd@@@@@\x83\x00\x00\x00\x00\x00\x00\x00\x00\x83\x00\x00\x00\x00\x00\x00\x00\x00@R\x00@\x00Sw\xa0\x1dpython_test.gauge:42.000000|g')
[0x7fc8e1503c20]:ERROR amqp:connection:framing-error connection aborted
Rcvd: Message('/localhost/statsd', '\x00Sp\xd0\x00\x00\x00\x0b\x00\x00\x00\x05BP\x04@BR\x00\x00Ss\xd0\x00\x00\x005\x00\x00\x00\r@@\xa1\x12//localhost/statsd@@@@@\x83\x00\x00\x00\x00\x00\x00\x00\x00\x83\x00\x00\x00\x00\x00\x00\x00\x00@R\x00@\x00Sw\xa0\x1epython_test.time:500.000000|ms')
Rcvd: Message('/localhost/statsd', '\x00Sp\xd0\x00\x00\x00\x0b\x00\x00\x00\x05BP\x04@BR\x00\x00Ss\xd0\x00\x00\x005\x00\x00\x00\r@@\xa1\x12//localhost/statsd@@@@@\x83\x00\x00\x00\x00\x00\x00\x00\x00\x83\x00\x00\x00\x00\x00\x00\x00\x00@R\x00@\x00Sw\xa0\x17python_test.inc_int:1|c')
Rcvd: Message('/localhost/statsd', '\x00Sp\xd0\x00\x00\x00\x0b\x00\x00\x00\x05BP\x04@BR\x00\x00Ss\xd0\x00\x00\x005\x00\x00\x00\r@@\xa1\x12//localhost/statsd@@@@@\x83\x00\x00\x00\x00\x00\x00\x00\x00\x83\x00\x00\x00\x00\x00\x00\x00\x00@R\x00@\x00Sw\xa0\x19python_test.decr_int:-1|c')
Rcvd: Message('/localhost/statsd', '\x00Sp\xd0\x00\x00\x00\x0b\x00\x00\x00\x05BP\x04@BR\x00\x00Ss\xd0\x00\x00\x005\x00\x00\x00\r@@\xa1\x12//localhost/statsd@@@@@\x83\x00\x00\x00\x00\x00\x00\x00\x00\x83\x00\x00\x00\x00\x00\x00\x00\x00@R\x00@\x00Sw\xa0\x1dpython_test.gauge:42.000000|g')
[0x7fc8e14851d0]:ERROR amqp:connection:framing-error connection aborted
Rcvd: Message('/localhost/statsd', '\x00Sp\xd0\x00\x00\x00\x0b\x00\x00\x00\x05BP\x04@BR\x00\x00Ss\xd0\x00\x00\x005\x00\x00\x00\r@@\xa1\x12//localhost/statsd@@@@@\x83\x00\x00\x00\x00\x00\x00\x00\x00\x83\x00\x00\x00\x00\x00\x00\x00\x00@R\x00@\x00Sw\xa0\x1epython_test.time:500.000000|ms')
Rcvd: Message('/localhost/statsd', '\x00Sp\xd0\x00\x00\x00\x0b\x00\x00\x00\x05BP\x04@BR\x00\x00Ss\xd0\x00\x00\x005\x00\x00\x00\r@@\xa1\x12//localhost/statsd@@@@@\x83\x00\x00\x00\x00\x00\x00\x00\x00\x83\x00\x00\x00\x00\x00\x00\x00\x00@R\x00@\x00Sw\xa0\x17python_test.inc_int:1|c')
Rcvd: Message('/localhost/statsd', '\x00Sp\xd0\x00\x00\x00\x0b\x00\x00\x00\x05BP\x04@BR\x00\x00Ss\xd0\x00\x00\x005\x00\x00\x00\r@@\xa1\x12//localhost/statsd@@@@@\x83\x00\x00\x00\x00\x00\x00\x00\x00\x83\x00\x00\x00\x00\x00\x00\x00\x00@R\x00@\x00Sw\xa0\x19python_test.decr_int:-1|c')
Rcvd: Message('/localhost/statsd', '\x00Sp\xd0\x00\x00\x00\x0b\x00\x00\x00\x05BP\x04@BR\x00\x00Ss\xd0\x00\x00\x005\x00\x00\x00\r@@\xa1\x12//localhost/statsd@@@@@\x83\x00\x00\x00\x00\x00\x00\x00\x00\x83\x00\x00\x00\x00\x00\x00\x00\x00@R\x00@\x00Sw\xa0\x1dpython_test.gauge:42.000000|g')
[0x7fc8e1487ac0]:ERROR amqp:connection:framing-error connection aborted
Rcvd: Message('/localhost/statsd', '\x00Sp\xd0\x00\x00\x00\x0b\x00\x00\x00\x05BP\x04@BR\x00\x00Ss\xd0\x00\x00\x005\x00\x00\x00\r@@\xa1\x12//localhost/statsd@@@@@\x83\x00\x00\x00\x00\x00\x00\x00\x00\x83\x00\x00\x00\x00\x00\x00\x00\x00@R\x00@\x00Sw\xa0\x1epython_test.time:500.000000|ms')
Rcvd: Message('/localhost/statsd', '\x00Sp\xd0\x00\x00\x00\x0b\x00\x00\x00\x05BP\x04@BR\x00\x00Ss\xd0\x00\x00\x005\x00\x00\x00\r@@\xa1\x12//localhost/statsd@@@@@\x83\x00\x00\x00\x00\x00\x00\x00\x00\x83\x00\x00\x00\x00\x00\x00\x00\x00@R\x00@\x00Sw\xa0\x17python_test.inc_int:1|c')
Rcvd: Message('/localhost/statsd', '\x00Sp\xd0\x00\x00\x00\x0b\x00\x00\x00\x05BP\x04@BR\x00\x00Ss\xd0\x00\x00\x005\x00\x00\x00\r@@\xa1\x12//localhost/statsd@@@@@\x83\x00\x00\x00\x00\x00\x00\x00\x00\x83\x00\x00\x00\x00\x00\x00\x00\x00@R\x00@\x00Sw\xa0\x19python_test.decr_int:-1|c')
Rcvd: Message('/localhost/statsd', '\x00Sp\xd0\x00\x00\x00\x0b\x00\x00\x00\x05BP\x04@BR\x00\x00Ss\xd0\x00\x00\x005\x00\x00\x00\r@@\xa1\x12//localhost/statsd@@@@@\x83\x00\x00\x00\x00\x00\x00\x00\x00\x83\x00\x00\x00\x00\x00\x00\x00\x00@R\x00@\x00Sw\xa0\x1dpython_test.gauge:42.000000|g')
[0x7fc8e1486730]:ERROR amqp:connection:framing-error connection aborted
Rcvd: Message('/localhost/statsd', '\x00Sp\xd0\x00\x00\x00\x0b\x00\x00\x00\x05BP\x04@BR\x00\x00Ss\xd0\x00\x00\x005\x00\x00\x00\r@@\xa1\x12//localhost/statsd@@@@@\x83\x00\x00\x00\x00\x00\x00\x00\x00\x83\x00\x00\x00\x00\x00\x00\x00\x00@R\x00@\x00Sw\xa0\x1epython_test.time:500.000000|ms')
Rcvd: Message('/localhost/statsd', '\x00Sp\xd0\x00\x00\x00\x0b\x00\x00\x00\x05BP\x04@BR\x00\x00Ss\xd0\x00\x00\x005\x00\x00\x00\r@@\xa1\x12//localhost/statsd@@@@@\x83\x00\x00\x00\x00\x00\x00\x00\x00\x83\x00\x00\x00\x00\x00\x00\x00\x00@R\x00@\x00Sw\xa0\x17python_test.inc_int:1|c')
Rcvd: Message('/localhost/statsd', '\x00Sp\xd0\x00\x00\x00\x0b\x00\x00\x00\x05BP\x04@BR\x00\x00Ss\xd0\x00\x00\x005\x00\x00\x00\r@@\xa1\x12//localhost/statsd@@@@@\x83\x00\x00\x00\x00\x00\x00\x00\x00\x83\x00\x00\x00\x00\x00\x00\x00\x00@R\x00@\x00Sw\xa0\x19python_test.decr_int:-1|c')
Rcvd: Message('/localhost/statsd', '\x00Sp\xd0\x00\x00\x00\x0b\x00\x00\x00\x05BP\x04@BR\x00\x00Ss\xd0\x00\x00\x005\x00\x00\x00\r@@\xa1\x12//localhost/statsd@@@@@\x83\x00\x00\x00\x00\x00\x00\x00\x00\x83\x00\x00\x00\x00\x00\x00\x00\x00@R\x00@\x00Sw\xa0\x1dpython_test.gauge:42.000000|g')
[0x7fc8e1487ac0]:ERROR amqp:connection:framing-error connection aborted
Rcvd: Message('/localhost/statsd', '\x00Sp\xd0\x00\x00\x00\x0b\x00\x00\x00\x05BP\x04@BR\x00\x00Ss\xd0\x00\x00\x005\x00\x00\x00\r@@\xa1\x12//localhost/statsd@@@@@\x83\x00\x00\x00\x00\x00\x00\x00\x00\x83\x00\x00\x00\x00\x00\x00\x00\x00@R\x00@\x00Sw\xa0\x1epython_test.time:500.000000|ms')
Rcvd: Message('/localhost/statsd', '\x00Sp\xd0\x00\x00\x00\x0b\x00\x00\x00\x05BP\x04@BR\x00\x00Ss\xd0\x00\x00\x005\x00\x00\x00\r@@\xa1\x12//localhost/statsd@@@@@\x83\x00\x00\x00\x00\x00\x00\x00\x00\x83\x00\x00\x00\x00\x00\x00\x00\x00@R\x00@\x00Sw\xa0\x17python_test.inc_int:1|c')
Rcvd: Message('/localhost/statsd', '\x00Sp\xd0\x00\x00\x00\x0b\x00\x00\x00\x05BP\x04@BR\x00\x00Ss\xd0\x00\x00\x005\x00\x00\x00\r@@\xa1\x12//localhost/statsd@@@@@\x83\x00\x00\x00\x00\x00\x00\x00\x00\x83\x00\x00\x00\x00\x00\x00\x00\x00@R\x00@\x00Sw\xa0\x19python_test.decr_int:-1|c')
Rcvd: Message('/localhost/statsd', '\x00Sp\xd0\x00\x00\x00\x0b\x00\x00\x00\x05BP\x04@BR\x00\x00Ss\xd0\x00\x00\x005\x00\x00\x00\r@@\xa1\x12//localhost/statsd@@@@@\x83\x00\x00\x00\x00\x00\x00\x00\x00\x83\x00\x00\x00\x00\x00\x00\x00\x00@R\x00@\x00Sw\xa0\x1dpython_test.gauge:42.000000|g')
[0x7fc8e1486850]:ERROR amqp:connection:framing-error connection aborted
Rcvd: Message('/localhost/statsd', '\x00Sp\xd0\x00\x00\x00\x0b\x00\x00\x00\x05BP\x04@BR\x00\x00Ss\xd0\x00\x00\x005\x00\x00\x00\r@@\xa1\x12//localhost/statsd@@@@@\x83\x00\x00\x00\x00\x00\x00\x00\x00\x83\x00\x00\x00\x00\x00\x00\x00\x00@R\x00@\x00Sw\xa1\x1epython_test.time:500.000000|ms')
Rcvd: Message('/localhost/statsd', '\x00Sp\xd0\x00\x00\x00\x0b\x00\x00\x00\x05BP\x04@BR\x00\x00Ss\xd0\x00\x00\x005\x00\x00\x00\r@@\xa1\x12//localhost/statsd@@@@@\x83\x00\x00\x00\x00\x00\x00\x00\x00\x83\x00\x00\x00\x00\x00\x00\x00\x00@R\x00@\x00Sw\xa1\x17python_test.inc_int:1|c')
Rcvd: Message('/localhost/statsd', '\x00Sp\xd0\x00\x00\x00\x0b\x00\x00\x00\x05BP\x04@BR\x00\x00Ss\xd0\x00\x00\x005\x00\x00\x00\r@@\xa1\x12//localhost/statsd@@@@@\x83\x00\x00\x00\x00\x00\x00\x00\x00\x83\x00\x00\x00\x00\x00\x00\x00\x00@R\x00@\x00Sw\xa1\x19python_test.decr_int:-1|c')
Rcvd: Message('/localhost/statsd', '\x00Sp\xd0\x00\x00\x00\x0b\x00\x00\x00\x05BP\x04@BR\x00\x00Ss\xd0\x00\x00\x005\x00\x00\x00\r@@\xa1\x12//localhost/statsd@@@@@\x83\x00\x00\x00\x00\x00\x00\x00\x00\x83\x00\x00\x00\x00\x00\x00\x00\x00@R\x00@\x00Sw\xa1\x1dpython_test.gauge:42.000000|g')
[0x7fc8e1486850]:ERROR amqp:connection:framing-error connection aborted
Rcvd: Message('/localhost/statsd', '\x00Sp\xd0\x00\x00\x00\x0b\x00\x00\x00\x05BP\x04@BR\x00\x00Ss\xd0\x00\x00\x005\x00\x00\x00\r@@\xa1\x12//localhost/statsd@@@@@\x83\x00\x00\x00\x00\x00\x00\x00\x00\x83\x00\x00\x00\x00\x00\x00\x00\x00@R\x00@\x00Sw\xa1\x1epython_test.time:500.000000|ms')
Rcvd: Message('/localhost/statsd', '\x00Sp\xd0\x00\x00\x00\x0b\x00\x00\x00\x05BP\x04@BR\x00\x00Ss\xd0\x00\x00\x005\x00\x00\x00\r@@\xa1\x12//localhost/statsd@@@@@\x83\x00\x00\x00\x00\x00\x00\x00\x00\x83\x00\x00\x00\x00\x00\x00\x00\x00@R\x00@\x00Sw\xa1\x17python_test.inc_int:1|c')
Rcvd: Message('/localhost/statsd', '\x00Sp\xd0\x00\x00\x00\x0b\x00\x00\x00\x05BP\x04@BR\x00\x00Ss\xd0\x00\x00\x005\x00\x00\x00\r@@\xa1\x12//localhost/statsd@@@@@\x83\x00\x00\x00\x00\x00\x00\x00\x00\x83\x00\x00\x00\x00\x00\x00\x00\x00@R\x00@\x00Sw\xa1\x19python_test.decr_int:-1|c')
Rcvd: Message('/localhost/statsd', '\x00Sp\xd0\x00\x00\x00\x0b\x00\x00\x00\x05BP\x04@BR\x00\x00Ss\xd0\x00\x00\x005\x00\x00\x00\r@@\xa1\x12//localhost/statsd@@@@@\x83\x00\x00\x00\x00\x00\x00\x00\x00\x83\x00\x00\x00\x00\x00\x00\x00\x00@R\x00@\x00Sw\xa1\x1dpython_test.gauge:42.000000|g')
[0x7fc8e152ada0]:ERROR amqp:connection:framing-error connection aborted
Rcvd: Message('/localhost/statsd', '\x00Sp\xd0\x00\x00\x00\x0b\x00\x00\x00\x05BP\x04@BR\x00\x00Ss\xd0\x00\x00\x005\x00\x00\x00\r@@\xa1\x12//localhost/statsd@@@@@\x83\x00\x00\x00\x00\x00\x00\x00\x00\x83\x00\x00\x00\x00\x00\x00\x00\x00@R\x00@\x00Sw\xa0\x05hello')
Rcvd: Message('/localhost/statsd', '\x00Sp\xd0\x00\x00\x00\x0b\x00\x00\x00\x05BP\x04@BR\x00\x00Ss\xd0\x00\x00\x005\x00\x00\x00\r@@\xa1\x12//localhost/statsd@@@@@\x83\x00\x00\x00\x00\x00\x00\x00\x00\x83\x00\x00\x00\x00\x00\x00\x00\x00@R\x00@\x00Sw\xa0\x05hello')
Rcvd: Message('/localhost/statsd', '\x00Sp\xd0\x00\x00\x00\x0b\x00\x00\x00\x05BP\x04@BR\x00\x00Ss\xd0\x00\x00\x005\x00\x00\x00\r@@\xa1\x12//localhost/statsd@@@@@\x83\x00\x00\x00\x00\x00\x00\x00\x00\x83\x00\x00\x00\x00\x00\x00\x00\x00@R\x00@\x00Sw\xa0\x05hello')
Rcvd: Message('/localhost/statsd', '\x00Sp\xd0\x00\x00\x00\x0b\x00\x00\x00\x05BP\x04@BR\x00\x00Ss\xd0\x00\x00\x005\x00\x00\x00\r@@\xa1\x12//localhost/statsd@@@@@\x83\x00\x00\x00\x00\x00\x00\x00\x00\x83\x00\x00\x00\x00\x00\x00\x00\x00@R\x00@\x00Sw\xa0\x05hello')
[0x7fc8e1486850]:ERROR amqp:connection:framing-error connection aborted
Rcvd: Message('/localhost/statsd', '\x00Sp\xd0\x00\x00\x00\x0b\x00\x00\x00\x05BP\x04@BR\x00\x00Ss\xd0\x00\x00\x005\x00\x00\x00\r@@\xa1\x12//localhost/statsd@@@@@\x83\x00\x00\x00\x00\x00\x00\x00\x00\x83\x00\x00\x00\x00\x00\x00\x00\x00@R\x00@\x00Sw\xa1\x05hello')
Rcvd: Message('/localhost/statsd', '\x00Sp\xd0\x00\x00\x00\x0b\x00\x00\x00\x05BP\x04@BR\x00\x00Ss\xd0\x00\x00\x005\x00\x00\x00\r@@\xa1\x12//localhost/statsd@@@@@\x83\x00\x00\x00\x00\x00\x00\x00\x00\x83\x00\x00\x00\x00\x00\x00\x00\x00@R\x00@\x00Sw\xa1\x05hello')
Rcvd: Message('/localhost/statsd', '\x00Sp\xd0\x00\x00\x00\x0b\x00\x00\x00\x05BP\x04@BR\x00\x00Ss\xd0\x00\x00\x005\x00\x00\x00\r@@\xa1\x12//localhost/statsd@@@@@\x83\x00\x00\x00\x00\x00\x00\x00\x00\x83\x00\x00\x00\x00\x00\x00\x00\x00@R\x00@\x00Sw\xa1\x05hello')
Rcvd: Message('/localhost/statsd', '\x00Sp\xd0\x00\x00\x00\x0b\x00\x00\x00\x05BP\x04@BR\x00\x00Ss\xd0\x00\x00\x005\x00\x00\x00\r@@\xa1\x12//localhost/statsd@@@@@\x83\x00\x00\x00\x00\x00\x00\x00\x00\x83\x00\x00\x00\x00\x00\x00\x00\x00@R\x00@\x00Sw\xa1\x05hello')
[0x7fc8e1657f40]:ERROR amqp:connection:framing-error connection aborted
Rcvd: Message('//localhost/r', 'asdf')
Sent: Message('//localhost/r', 'asdf')
Rcvd: Message('//localhost/r', 'quit')
Sent: Message('//localhost/r', 'quit')
[0x7fc8e152d0a0]:ERROR amqp:connection:framing-error connection aborted
Incoming Connection: ('127.0.0.1', 53313)
Incoming Connection: ('127.0.0.1', 53314)
Incoming Connection: ('127.0.0.1', 53315)
Incoming Connection: ('127.0.0.1', 53316)
Incoming Connection: ('127.0.0.1', 53317)
Incoming Connection: ('127.0.0.1', 53319)
Incoming Connection: ('127.0.0.1', 53492)
Incoming Connection: ('127.0.0.1', 53493)
Incoming Connection: ('127.0.0.1', 53494)
Incoming Connection: ('127.0.0.1', 53495)
Incoming Connection: ('127.0.0.1', 53503)
Traceback (most recent call last):
  File "../server", line 219, in <module>
    drv.run()
  File "/Users/richardl/working/kinetic/common.py", line 239, in run
    readable, writable, _ = select(reading, writing, [], 3)
KeyboardInterrupt
